# JRE version: OpenJDK Runtime Environment Temurin-17.0.1+12 (17.0.1+12) (build 17.0.1+12)
# Java VM: OpenJDK 64-Bit Server VM Temurin-17.0.1+12 (17.0.1+12, mixed mode, tiered, compressed oops, compressed class ptrs, g1 gc, windows-amd64)
GC Precious Log:
 CPUs: 8 total, 8 available
 Memory: 7103M
 Large Page Support: Disabled
 NUMA Support: Disabled
 Compressed Oops: Enabled (32-bit)
 Heap Region Size: 1M
 Heap Min Capacity: 8M
 Heap Initial Capacity: 112M
 Heap Max Capacity: 1776M
 Pre-touch: Disabled
 Parallel Workers: 8
 Concurrent Workers: 2
 Concurrent Refinement Workers: 8
 Periodic GC: Disabled
Heap:
 garbage-first heap   total 17408K, used 5431K [0x0000000091000000, 0x0000000100000000)
  region size 1024K, 1 young (1024K), 1 survivors (1024K)
 Metaspace       used 23759K, committed 24000K, reserved 1073152K
  class space    used 2513K, committed 2624K, reserved 1048576K
GC Heap History (8 events):
Event: 5.200 GC heap before
{Heap before GC invocations=0 (full 0):
 garbage-first heap   total 114688K, used 17408K [0x0000000091000000, 0x0000000100000000)
  region size 1024K, 19 young (19456K), 0 survivors (0K)
 Metaspace       used 21320K, committed 21504K, reserved 1073152K
  class space    used 2282K, committed 2368K, reserved 1048576K
}
Event: 5.205 GC heap after
{Heap after GC invocations=1 (full 0):
 garbage-first heap   total 114688K, used 3852K [0x0000000091000000, 0x0000000100000000)
  region size 1024K, 3 young (3072K), 3 survivors (3072K)
 Metaspace       used 21320K, committed 21504K, reserved 1073152K
  class space    used 2282K, committed 2368K, reserved 1048576K
}
Event: 61.207 GC heap before
{Heap before GC invocations=2 (full 0):
 garbage-first heap   total 17408K, used 11020K [0x0000000091000000, 0x0000000100000000)
  region size 1024K, 10 young (10240K), 3 survivors (3072K)
 Metaspace       used 23512K, committed 23744K, reserved 1073152K
  class space    used 2489K, committed 2624K, reserved 1048576K
}
Event: 61.216 GC heap after
{Heap after GC invocations=3 (full 0):
 garbage-first heap   total 17408K, used 5413K [0x0000000091000000, 0x0000000100000000)
  region size 1024K, 2 young (2048K), 2 survivors (2048K)
 Metaspace       used 23512K, committed 23744K, reserved 1073152K
  class space    used 2489K, committed 2624K, reserved 1048576K
}
Event: 1837.112 GC heap before
{Heap before GC invocations=3 (full 0):
 garbage-first heap   total 17408K, used 6437K [0x0000000091000000, 0x0000000100000000)
  region size 1024K, 3 young (3072K), 2 survivors (2048K)
 Metaspace       used 23535K, committed 23744K, reserved 1073152K
  class space    used 2491K, committed 2624K, reserved 1048576K
}
Event: 1837.146 GC heap after
{Heap after GC invocations=4 (full 0):
 garbage-first heap   total 17408K, used 5597K [0x0000000091000000, 0x0000000100000000)
  region size 1024K, 1 young (1024K), 1 survivors (1024K)
 Metaspace       used 23535K, committed 23744K, reserved 1073152K
  class space    used 2491K, committed 2624K, reserved 1048576K
}
Event: 69835.171 GC heap before
{Heap before GC invocations=4 (full 0):
 garbage-first heap   total 17408K, used 7645K [0x0000000091000000, 0x0000000100000000)
  region size 1024K, 4 young (4096K), 1 survivors (1024K)
 Metaspace       used 23757K, committed 24000K, reserved 1073152K
  class space    used 2513K, committed 2624K, reserved 1048576K
}
Event: 69835.287 GC heap after
{Heap after GC invocations=5 (full 0):
 garbage-first heap   total 17408K, used 5431K [0x0000000091000000, 0x0000000100000000)
  region size 1024K, 1 young (1024K), 1 survivors (1024K)
 Metaspace       used 23757K, committed 24000K, reserved 1073152K
  class space    used 2513K, committed 2624K, reserved 1048576K
}

