# JRE version: OpenJDK Runtime Environment Temurin-17.0.1+12 (17.0.1+12) (build 17.0.1+12)
# Java VM: OpenJDK 64-Bit Server VM Temurin-17.0.1+12 (17.0.1+12, mixed mode, tiered, compressed oops, compressed class ptrs, g1 gc, windows-amd64)
GC Precious Log:
 CPUs: 8 total, 8 available
 Memory: 7103M
 Large Page Support: Disabled
 NUMA Support: Disabled
 Compressed Oops: Enabled (32-bit)
 Heap Region Size: 1M
 Heap Min Capacity: 8M
 Heap Initial Capacity: 112M
 Heap Max Capacity: 1776M
 Pre-touch: Disabled
 Parallel Workers: 8
 Concurrent Workers: 2
 Concurrent Refinement Workers: 8
 Periodic GC: Disabled
Heap:
 garbage-first heap   total 17408K, used 5534K [0x0000000091000000, 0x0000000100000000)
  region size 1024K, 1 young (1024K), 1 survivors (1024K)
 Metaspace       used 23807K, committed 24064K, reserved 1073152K
  class space    used 2499K, committed 2624K, reserved 1048576K
GC Heap History (8 events):
Event: 8.845 GC heap before
{Heap before GC invocations=0 (full 0):
 garbage-first heap   total 114688K, used 18432K [0x0000000091000000, 0x0000000100000000)
  region size 1024K, 19 young (19456K), 0 survivors (0K)
 Metaspace       used 21291K, committed 21504K, reserved 1073152K
  class space    used 2263K, committed 2368K, reserved 1048576K
}
Event: 8.853 GC heap after
{Heap after GC invocations=1 (full 0):
 garbage-first heap   total 114688K, used 3930K [0x0000000091000000, 0x0000000100000000)
  region size 1024K, 3 young (3072K), 3 survivors (3072K)
 Metaspace       used 21291K, committed 21504K, reserved 1073152K
  class space    used 2263K, committed 2368K, reserved 1048576K
}
Event: 101.154 GC heap before
{Heap before GC invocations=2 (full 0):
 garbage-first heap   total 17408K, used 11098K [0x0000000091000000, 0x0000000100000000)
  region size 1024K, 10 young (10240K), 3 survivors (3072K)
 Metaspace       used 23588K, committed 23872K, reserved 1073152K
  class space    used 2478K, committed 2624K, reserved 1048576K
}
Event: 101.168 GC heap after
{Heap after GC invocations=3 (full 0):
 garbage-first heap   total 17408K, used 5497K [0x0000000091000000, 0x0000000100000000)
  region size 1024K, 2 young (2048K), 2 survivors (2048K)
 Metaspace       used 23588K, committed 23872K, reserved 1073152K
  class space    used 2478K, committed 2624K, reserved 1048576K
}
Event: 16051.718 GC heap before
{Heap before GC invocations=3 (full 0):
 garbage-first heap   total 17408K, used 6521K [0x0000000091000000, 0x0000000100000000)
  region size 1024K, 3 young (3072K), 2 survivors (2048K)
 Metaspace       used 23609K, committed 23872K, reserved 1073152K
  class space    used 2481K, committed 2624K, reserved 1048576K
}
Event: 16051.773 GC heap after
{Heap after GC invocations=4 (full 0):
 garbage-first heap   total 17408K, used 5666K [0x0000000091000000, 0x0000000100000000)
  region size 1024K, 1 young (1024K), 1 survivors (1024K)
 Metaspace       used 23609K, committed 23872K, reserved 1073152K
  class space    used 2481K, committed 2624K, reserved 1048576K
}
Event: 32726.802 GC heap before
{Heap before GC invocations=4 (full 0):
 garbage-first heap   total 17408K, used 6690K [0x0000000091000000, 0x0000000100000000)
  region size 1024K, 3 young (3072K), 1 survivors (1024K)
 Metaspace       used 23807K, committed 24064K, reserved 1073152K
  class space    used 2499K, committed 2624K, reserved 1048576K
}
Event: 32726.937 GC heap after
{Heap after GC invocations=5 (full 0):
 garbage-first heap   total 17408K, used 5534K [0x0000000091000000, 0x0000000100000000)
  region size 1024K, 1 young (1024K), 1 survivors (1024K)
 Metaspace       used 23807K, committed 24064K, reserved 1073152K
  class space    used 2499K, committed 2624K, reserved 1048576K
}

