# JRE version: OpenJDK Runtime Environment Temurin-17.0.1+12 (17.0.1+12) (build 17.0.1+12)
# Java VM: OpenJDK 64-Bit Server VM Temurin-17.0.1+12 (17.0.1+12, mixed mode, tiered, compressed oops, compressed class ptrs, g1 gc, windows-amd64)
GC Precious Log:
 CPUs: 8 total, 8 available
 Memory: 7103M
 Large Page Support: Disabled
 NUMA Support: Disabled
 Compressed Oops: Enabled (32-bit)
 Heap Region Size: 1M
 Heap Min Capacity: 8M
 Heap Initial Capacity: 112M
 Heap Max Capacity: 1776M
 Pre-touch: Disabled
 Parallel Workers: 8
 Concurrent Workers: 2
 Concurrent Refinement Workers: 8
 Periodic GC: Disabled
Heap:
 garbage-first heap   total 17408K, used 5381K [0x0000000091000000, 0x0000000100000000)
  region size 1024K, 1 young (1024K), 1 survivors (1024K)
 Metaspace       used 23588K, committed 23872K, reserved 1073152K
  class space    used 2501K, committed 2624K, reserved 1048576K
GC Heap History (12 events):
Event: 5.143 GC heap before
{Heap before GC invocations=0 (full 0):
 garbage-first heap   total 114688K, used 17408K [0x0000000091000000, 0x0000000100000000)
  region size 1024K, 19 young (19456K), 0 survivors (0K)
 Metaspace       used 21377K, committed 21504K, reserved 1073152K
  class space    used 2281K, committed 2368K, reserved 1048576K
}
Event: 5.149 GC heap after
{Heap after GC invocations=1 (full 0):
 garbage-first heap   total 114688K, used 3906K [0x0000000091000000, 0x0000000100000000)
  region size 1024K, 3 young (3072K), 3 survivors (3072K)
 Metaspace       used 21377K, committed 21504K, reserved 1073152K
  class space    used 2281K, committed 2368K, reserved 1048576K
}
Event: 704.679 GC heap before
{Heap before GC invocations=2 (full 0):
 garbage-first heap   total 17408K, used 10050K [0x0000000091000000, 0x0000000100000000)
  region size 1024K, 10 young (10240K), 3 survivors (3072K)
 Metaspace       used 23360K, committed 23552K, reserved 1073152K
  class space    used 2479K, committed 2624K, reserved 1048576K
}
Event: 704.684 GC heap after
{Heap after GC invocations=3 (full 0):
 garbage-first heap   total 17408K, used 5565K [0x0000000091000000, 0x0000000100000000)
  region size 1024K, 2 young (2048K), 2 survivors (2048K)
 Metaspace       used 23360K, committed 23552K, reserved 1073152K
  class space    used 2479K, committed 2624K, reserved 1048576K
}
Event: 2499.111 GC heap before
{Heap before GC invocations=3 (full 0):
 garbage-first heap   total 17408K, used 6589K [0x0000000091000000, 0x0000000100000000)
  region size 1024K, 3 young (3072K), 2 survivors (2048K)
 Metaspace       used 23369K, committed 23616K, reserved 1073152K
  class space    used 2481K, committed 2624K, reserved 1048576K
}
Event: 2499.135 GC heap after
{Heap after GC invocations=4 (full 0):
 garbage-first heap   total 17408K, used 5601K [0x0000000091000000, 0x0000000100000000)
  region size 1024K, 1 young (1024K), 1 survivors (1024K)
 Metaspace       used 23369K, committed 23616K, reserved 1073152K
  class space    used 2481K, committed 2624K, reserved 1048576K
}
Event: 52336.292 GC heap before
{Heap before GC invocations=4 (full 0):
 garbage-first heap   total 17408K, used 9697K [0x0000000091000000, 0x0000000100000000)
  region size 1024K, 5 young (5120K), 1 survivors (1024K)
 Metaspace       used 23390K, committed 23680K, reserved 1073152K
  class space    used 2483K, committed 2624K, reserved 1048576K
}
Event: 52336.300 GC heap after
{Heap after GC invocations=5 (full 0):
 garbage-first heap   total 17408K, used 5390K [0x0000000091000000, 0x0000000100000000)
  region size 1024K, 1 young (1024K), 1 survivors (1024K)
 Metaspace       used 23390K, committed 23680K, reserved 1073152K
  class space    used 2483K, committed 2624K, reserved 1048576K
}
Event: 70125.347 GC heap before
{Heap before GC invocations=5 (full 0):
 garbage-first heap   total 17408K, used 10510K [0x0000000091000000, 0x0000000100000000)
  region size 1024K, 6 young (6144K), 1 survivors (1024K)
 Metaspace       used 23390K, committed 23680K, reserved 1073152K
  class space    used 2483K, committed 2624K, reserved 1048576K
}
Event: 70125.354 GC heap after
{Heap after GC invocations=6 (full 0):
 garbage-first heap   total 17408K, used 5357K [0x0000000091000000, 0x0000000100000000)
  region size 1024K, 1 young (1024K), 1 survivors (1024K)
 Metaspace       used 23390K, committed 23680K, reserved 1073152K
  class space    used 2483K, committed 2624K, reserved 1048576K
}
Event: 70567.887 GC heap before
{Heap before GC invocations=6 (full 0):
 garbage-first heap   total 17408K, used 5357K [0x0000000091000000, 0x0000000100000000)
  region size 1024K, 2 young (2048K), 1 survivors (1024K)
 Metaspace       used 23588K, committed 23872K, reserved 1073152K
  class space    used 2501K, committed 2624K, reserved 1048576K
}
Event: 70567.968 GC heap after
{Heap after GC invocations=7 (full 0):
 garbage-first heap   total 17408K, used 5381K [0x0000000091000000, 0x0000000100000000)
  region size 1024K, 1 young (1024K), 1 survivors (1024K)
 Metaspace       used 23588K, committed 23872K, reserved 1073152K
  class space    used 2501K, committed 2624K, reserved 1048576K
}

