# JRE version: OpenJDK Runtime Environment Temurin-17.0.1+12 (17.0.1+12) (build 17.0.1+12)
# Java VM: OpenJDK 64-Bit Server VM Temurin-17.0.1+12 (17.0.1+12, mixed mode, tiered, compressed oops, compressed class ptrs, g1 gc, windows-amd64)
GC Precious Log:
 CPUs: 8 total, 8 available
 Memory: 7103M
 Large Page Support: Disabled
 NUMA Support: Disabled
 Compressed Oops: Enabled (32-bit)
 Heap Region Size: 1M
 Heap Min Capacity: 8M
 Heap Initial Capacity: 112M
 Heap Max Capacity: 1776M
 Pre-touch: Disabled
 Parallel Workers: 8
 Concurrent Workers: 2
 Concurrent Refinement Workers: 8
 Periodic GC: Disabled
Heap:
 garbage-first heap   total 18432K, used 5725K [0x0000000091000000, 0x0000000100000000)
  region size 1024K, 1 young (1024K), 1 survivors (1024K)
 Metaspace       used 23901K, committed 24128K, reserved 1073152K
  class space    used 2521K, committed 2624K, reserved 1048576K
GC Heap History (6 events):
Event: 4.210 GC heap before
{Heap before GC invocations=0 (full 0):
 garbage-first heap   total 114688K, used 18432K [0x0000000091000000, 0x0000000100000000)
  region size 1024K, 19 young (19456K), 0 survivors (0K)
 Metaspace       used 21361K, committed 21504K, reserved 1073152K
  class space    used 2280K, committed 2368K, reserved 1048576K
}
Event: 4.215 GC heap after
{Heap after GC invocations=1 (full 0):
 garbage-first heap   total 114688K, used 3951K [0x0000000091000000, 0x0000000100000000)
  region size 1024K, 3 young (3072K), 3 survivors (3072K)
 Metaspace       used 21361K, committed 21504K, reserved 1073152K
  class space    used 2280K, committed 2368K, reserved 1048576K
}
Event: 44918.457 GC heap before
{Heap before GC invocations=2 (full 0):
 garbage-first heap   total 17408K, used 12143K [0x0000000091000000, 0x0000000100000000)
  region size 1024K, 12 young (12288K), 3 survivors (3072K)
 Metaspace       used 23700K, committed 23936K, reserved 1073152K
  class space    used 2503K, committed 2624K, reserved 1048576K
}
Event: 44918.494 GC heap after
{Heap after GC invocations=3 (full 0):
 garbage-first heap   total 18432K, used 5590K [0x0000000091000000, 0x0000000100000000)
  region size 1024K, 2 young (2048K), 2 survivors (2048K)
 Metaspace       used 23700K, committed 23936K, reserved 1073152K
  class space    used 2503K, committed 2624K, reserved 1048576K
}
Event: 70060.132 GC heap before
{Heap before GC invocations=3 (full 0):
 garbage-first heap   total 18432K, used 6614K [0x0000000091000000, 0x0000000100000000)
  region size 1024K, 4 young (4096K), 2 survivors (2048K)
 Metaspace       used 23897K, committed 24128K, reserved 1073152K
  class space    used 2521K, committed 2624K, reserved 1048576K
}
Event: 70060.233 GC heap after
{Heap after GC invocations=4 (full 0):
 garbage-first heap   total 18432K, used 5725K [0x0000000091000000, 0x0000000100000000)
  region size 1024K, 1 young (1024K), 1 survivors (1024K)
 Metaspace       used 23897K, committed 24128K, reserved 1073152K
  class space    used 2521K, committed 2624K, reserved 1048576K
}

