# JRE version: OpenJDK Runtime Environment Temurin-17.0.1+12 (17.0.1+12) (build 17.0.1+12)
# Java VM: OpenJDK 64-Bit Server VM Temurin-17.0.1+12 (17.0.1+12, mixed mode, tiered, compressed oops, compressed class ptrs, g1 gc, windows-amd64)
GC Precious Log:
 CPUs: 8 total, 8 available
 Memory: 7103M
 Large Page Support: Disabled
 NUMA Support: Disabled
 Compressed Oops: Enabled (32-bit)
 Heap Region Size: 1M
 Heap Min Capacity: 8M
 Heap Initial Capacity: 112M
 Heap Max Capacity: 1776M
 Pre-touch: Disabled
 Parallel Workers: 8
 Concurrent Workers: 2
 Concurrent Refinement Workers: 8
 Periodic GC: Disabled
Heap:
 garbage-first heap   total 27648K, used 13407K [0x0000000091000000, 0x0000000100000000)
  region size 1024K, 1 young (1024K), 1 survivors (1024K)
 Metaspace       used 23837K, committed 24128K, reserved 1073152K
  class space    used 2484K, committed 2624K, reserved 1048576K
GC Heap History (14 events):
Event: 4.693 GC heap before
{Heap before GC invocations=0 (full 0):
 garbage-first heap   total 114688K, used 15360K [0x0000000091000000, 0x0000000100000000)
  region size 1024K, 17 young (17408K), 0 survivors (0K)
 Metaspace       used 21324K, committed 21504K, reserved 1073152K
  class space    used 2266K, committed 2368K, reserved 1048576K
}
Event: 4.701 GC heap after
{Heap after GC invocations=1 (full 0):
 garbage-first heap   total 114688K, used 4604K [0x0000000091000000, 0x0000000100000000)
  region size 1024K, 3 young (3072K), 3 survivors (3072K)
 Metaspace       used 21324K, committed 21504K, reserved 1073152K
  class space    used 2266K, committed 2368K, reserved 1048576K
}
Event: 5487.171 GC heap before
{Heap before GC invocations=2 (full 0):
 garbage-first heap   total 20480K, used 9724K [0x0000000091000000, 0x0000000100000000)
  region size 1024K, 10 young (10240K), 3 survivors (3072K)
 Metaspace       used 23740K, committed 24000K, reserved 1073152K
  class space    used 2488K, committed 2624K, reserved 1048576K
}
Event: 5487.175 GC heap after
{Heap after GC invocations=3 (full 0):
 garbage-first heap   total 20480K, used 5582K [0x0000000091000000, 0x0000000100000000)
  region size 1024K, 1 young (1024K), 1 survivors (1024K)
 Metaspace       used 23740K, committed 24000K, reserved 1073152K
  class space    used 2488K, committed 2624K, reserved 1048576K
}
Event: 6893.893 GC heap before
{Heap before GC invocations=3 (full 0):
 garbage-first heap   total 22528K, used 14798K [0x0000000091000000, 0x0000000100000000)
  region size 1024K, 2 young (2048K), 1 survivors (1024K)
 Metaspace       used 23899K, committed 24128K, reserved 1073152K
  class space    used 2502K, committed 2624K, reserved 1048576K
}
Event: 6893.910 GC heap after
{Heap after GC invocations=4 (full 0):
 garbage-first heap   total 22528K, used 13789K [0x0000000091000000, 0x0000000100000000)
  region size 1024K, 1 young (1024K), 1 survivors (1024K)
 Metaspace       used 23899K, committed 24128K, reserved 1073152K
  class space    used 2502K, committed 2624K, reserved 1048576K
}
Event: 8889.123 GC heap before
{Heap before GC invocations=4 (full 0):
 garbage-first heap   total 22528K, used 14813K [0x0000000091000000, 0x0000000100000000)
  region size 1024K, 2 young (2048K), 1 survivors (1024K)
 Metaspace       used 23905K, committed 24128K, reserved 1073152K
  class space    used 2502K, committed 2624K, reserved 1048576K
}
Event: 8889.151 GC heap after
{Heap after GC invocations=5 (full 0):
 garbage-first heap   total 22528K, used 13628K [0x0000000091000000, 0x0000000100000000)
  region size 1024K, 1 young (1024K), 1 survivors (1024K)
 Metaspace       used 23905K, committed 24128K, reserved 1073152K
  class space    used 2502K, committed 2624K, reserved 1048576K
}
Event: 16421.394 GC heap before
{Heap before GC invocations=6 (full 0):
 garbage-first heap   total 27648K, used 15676K [0x0000000091000000, 0x0000000100000000)
  region size 1024K, 3 young (3072K), 1 survivors (1024K)
 Metaspace       used 23831K, committed 24128K, reserved 1073152K
  class space    used 2483K, committed 2624K, reserved 1048576K
}
Event: 16421.410 GC heap after
{Heap after GC invocations=7 (full 0):
 garbage-first heap   total 27648K, used 13598K [0x0000000091000000, 0x0000000100000000)
  region size 1024K, 1 young (1024K), 1 survivors (1024K)
 Metaspace       used 23831K, committed 24128K, reserved 1073152K
  class space    used 2483K, committed 2624K, reserved 1048576K
}
Event: 18450.070 GC heap before
{Heap before GC invocations=7 (full 0):
 garbage-first heap   total 27648K, used 14622K [0x0000000091000000, 0x0000000100000000)
  region size 1024K, 2 young (2048K), 1 survivors (1024K)
 Metaspace       used 23831K, committed 24128K, reserved 1073152K
  class space    used 2483K, committed 2624K, reserved 1048576K
}
Event: 18450.112 GC heap after
{Heap after GC invocations=8 (full 0):
 garbage-first heap   total 27648K, used 13400K [0x0000000091000000, 0x0000000100000000)
  region size 1024K, 1 young (1024K), 1 survivors (1024K)
 Metaspace       used 23831K, committed 24128K, reserved 1073152K
  class space    used 2483K, committed 2624K, reserved 1048576K
}
Event: 32343.929 GC heap before
{Heap before GC invocations=8 (full 0):
 garbage-first heap   total 27648K, used 16472K [0x0000000091000000, 0x0000000100000000)
  region size 1024K, 5 young (5120K), 1 survivors (1024K)
 Metaspace       used 23837K, committed 24128K, reserved 1073152K
  class space    used 2484K, committed 2624K, reserved 1048576K
}
Event: 32343.945 GC heap after
{Heap after GC invocations=9 (full 0):
 garbage-first heap   total 27648K, used 13407K [0x0000000091000000, 0x0000000100000000)
  region size 1024K, 1 young (1024K), 1 survivors (1024K)
 Metaspace       used 23837K, committed 24128K, reserved 1073152K
  class space    used 2484K, committed 2624K, reserved 1048576K
}

