# JRE version: OpenJDK Runtime Environment Temurin-17.0.1+12 (17.0.1+12) (build 17.0.1+12)
# Java VM: OpenJDK 64-Bit Server VM Temurin-17.0.1+12 (17.0.1+12, mixed mode, tiered, compressed oops, compressed class ptrs, g1 gc, windows-amd64)
GC Precious Log:
 CPUs: 8 total, 8 available
 Memory: 7103M
 Large Page Support: Disabled
 NUMA Support: Disabled
 Compressed Oops: Enabled (32-bit)
 Heap Region Size: 1M
 Heap Min Capacity: 8M
 Heap Initial Capacity: 112M
 Heap Max Capacity: 1776M
 Pre-touch: Disabled
 Parallel Workers: 8
 Concurrent Workers: 2
 Concurrent Refinement Workers: 8
 Periodic GC: Disabled
Heap:
 garbage-first heap   total 17408K, used 5580K [0x0000000091000000, 0x0000000100000000)
  region size 1024K, 1 young (1024K), 1 survivors (1024K)
 Metaspace       used 23499K, committed 23744K, reserved 1073152K
  class space    used 2498K, committed 2624K, reserved 1048576K
GC Heap History (12 events):
Event: 12.458 GC heap before
{Heap before GC invocations=0 (full 0):
 garbage-first heap   total 114688K, used 16384K [0x0000000091000000, 0x0000000100000000)
  region size 1024K, 18 young (18432K), 0 survivors (0K)
 Metaspace       used 21335K, committed 21504K, reserved 1073152K
  class space    used 2265K, committed 2368K, reserved 1048576K
}
Event: 12.463 GC heap after
{Heap after GC invocations=1 (full 0):
 garbage-first heap   total 114688K, used 3887K [0x0000000091000000, 0x0000000100000000)
  region size 1024K, 3 young (3072K), 3 survivors (3072K)
 Metaspace       used 21335K, committed 21504K, reserved 1073152K
  class space    used 2265K, committed 2368K, reserved 1048576K
}
Event: 61.517 GC heap before
{Heap before GC invocations=2 (full 0):
 garbage-first heap   total 17408K, used 11055K [0x0000000091000000, 0x0000000100000000)
  region size 1024K, 10 young (10240K), 3 survivors (3072K)
 Metaspace       used 23444K, committed 23680K, reserved 1073152K
  class space    used 2491K, committed 2624K, reserved 1048576K
}
Event: 61.526 GC heap after
{Heap after GC invocations=3 (full 0):
 garbage-first heap   total 17408K, used 5588K [0x0000000091000000, 0x0000000100000000)
  region size 1024K, 2 young (2048K), 2 survivors (2048K)
 Metaspace       used 23444K, committed 23680K, reserved 1073152K
  class space    used 2491K, committed 2624K, reserved 1048576K
}
Event: 1561.277 GC heap before
{Heap before GC invocations=3 (full 0):
 garbage-first heap   total 17408K, used 6612K [0x0000000091000000, 0x0000000100000000)
  region size 1024K, 3 young (3072K), 2 survivors (2048K)
 Metaspace       used 23472K, committed 23744K, reserved 1073152K
  class space    used 2493K, committed 2624K, reserved 1048576K
}
Event: 1561.297 GC heap after
{Heap after GC invocations=4 (full 0):
 garbage-first heap   total 17408K, used 5781K [0x0000000091000000, 0x0000000100000000)
  region size 1024K, 1 young (1024K), 1 survivors (1024K)
 Metaspace       used 23472K, committed 23744K, reserved 1073152K
  class space    used 2493K, committed 2624K, reserved 1048576K
}
Event: 47059.552 GC heap before
{Heap before GC invocations=4 (full 0):
 garbage-first heap   total 17408K, used 9877K [0x0000000091000000, 0x0000000100000000)
  region size 1024K, 5 young (5120K), 1 survivors (1024K)
 Metaspace       used 23487K, committed 23744K, reserved 1073152K
  class space    used 2495K, committed 2624K, reserved 1048576K
}
Event: 47059.562 GC heap after
{Heap after GC invocations=5 (full 0):
 garbage-first heap   total 17408K, used 5584K [0x0000000091000000, 0x0000000100000000)
  region size 1024K, 1 young (1024K), 1 survivors (1024K)
 Metaspace       used 23487K, committed 23744K, reserved 1073152K
  class space    used 2495K, committed 2624K, reserved 1048576K
}
Event: 59656.021 GC heap before
{Heap before GC invocations=5 (full 0):
 garbage-first heap   total 17408K, used 10704K [0x0000000091000000, 0x0000000100000000)
  region size 1024K, 6 young (6144K), 1 survivors (1024K)
 Metaspace       used 23488K, committed 23744K, reserved 1073152K
  class space    used 2495K, committed 2624K, reserved 1048576K
}
Event: 59656.030 GC heap after
{Heap after GC invocations=6 (full 0):
 garbage-first heap   total 17408K, used 5546K [0x0000000091000000, 0x0000000100000000)
  region size 1024K, 1 young (1024K), 1 survivors (1024K)
 Metaspace       used 23488K, committed 23744K, reserved 1073152K
  class space    used 2495K, committed 2624K, reserved 1048576K
}
Event: 71596.658 GC heap before
{Heap before GC invocations=6 (full 0):
 garbage-first heap   total 17408K, used 7594K [0x0000000091000000, 0x0000000100000000)
  region size 1024K, 4 young (4096K), 1 survivors (1024K)
 Metaspace       used 23499K, committed 23744K, reserved 1073152K
  class space    used 2498K, committed 2624K, reserved 1048576K
}
Event: 71596.751 GC heap after
{Heap after GC invocations=7 (full 0):
 garbage-first heap   total 17408K, used 5580K [0x0000000091000000, 0x0000000100000000)
  region size 1024K, 1 young (1024K), 1 survivors (1024K)
 Metaspace       used 23499K, committed 23744K, reserved 1073152K
  class space    used 2498K, committed 2624K, reserved 1048576K
}

