# JRE version: OpenJDK Runtime Environment Temurin-17.0.1+12 (17.0.1+12) (build 17.0.1+12)
# Java VM: OpenJDK 64-Bit Server VM Temurin-17.0.1+12 (17.0.1+12, mixed mode, tiered, compressed oops, compressed class ptrs, g1 gc, windows-amd64)
GC Precious Log:
 CPUs: 8 total, 8 available
 Memory: 7103M
 Large Page Support: Disabled
 NUMA Support: Disabled
 Compressed Oops: Enabled (32-bit)
 Heap Region Size: 1M
 Heap Min Capacity: 8M
 Heap Initial Capacity: 112M
 Heap Max Capacity: 1776M
 Pre-touch: Disabled
 Parallel Workers: 8
 Concurrent Workers: 2
 Concurrent Refinement Workers: 8
 Periodic GC: Disabled
Heap:
 garbage-first heap   total 17408K, used 5480K [0x0000000091000000, 0x0000000100000000)
  region size 1024K, 1 young (1024K), 1 survivors (1024K)
 Metaspace       used 23909K, committed 24128K, reserved 1073152K
  class space    used 2499K, committed 2624K, reserved 1048576K
GC Heap History (12 events):
Event: 7.442 GC heap before
{Heap before GC invocations=0 (full 0):
 garbage-first heap   total 114688K, used 18432K [0x0000000091000000, 0x0000000100000000)
  region size 1024K, 19 young (19456K), 0 survivors (0K)
 Metaspace       used 21340K, committed 21504K, reserved 1073152K
  class space    used 2271K, committed 2368K, reserved 1048576K
}
Event: 7.449 GC heap after
{Heap after GC invocations=1 (full 0):
 garbage-first heap   total 114688K, used 3862K [0x0000000091000000, 0x0000000100000000)
  region size 1024K, 3 young (3072K), 3 survivors (3072K)
 Metaspace       used 21340K, committed 21504K, reserved 1073152K
  class space    used 2271K, committed 2368K, reserved 1048576K
}
Event: 61.819 GC heap before
{Heap before GC invocations=2 (full 0):
 garbage-first heap   total 17408K, used 11030K [0x0000000091000000, 0x0000000100000000)
  region size 1024K, 10 young (10240K), 3 survivors (3072K)
 Metaspace       used 23547K, committed 23808K, reserved 1073152K
  class space    used 2474K, committed 2624K, reserved 1048576K
}
Event: 61.831 GC heap after
{Heap after GC invocations=3 (full 0):
 garbage-first heap   total 17408K, used 5457K [0x0000000091000000, 0x0000000100000000)
  region size 1024K, 2 young (2048K), 2 survivors (2048K)
 Metaspace       used 23547K, committed 23808K, reserved 1073152K
  class space    used 2474K, committed 2624K, reserved 1048576K
}
Event: 244.297 GC heap before
{Heap before GC invocations=3 (full 0):
 garbage-first heap   total 17408K, used 6481K [0x0000000091000000, 0x0000000100000000)
  region size 1024K, 3 young (3072K), 2 survivors (2048K)
 Metaspace       used 23615K, committed 23872K, reserved 1073152K
  class space    used 2474K, committed 2624K, reserved 1048576K
}
Event: 244.302 GC heap after
{Heap after GC invocations=4 (full 0):
 garbage-first heap   total 17408K, used 5520K [0x0000000091000000, 0x0000000100000000)
  region size 1024K, 1 young (1024K), 1 survivors (1024K)
 Metaspace       used 23615K, committed 23872K, reserved 1073152K
  class space    used 2474K, committed 2624K, reserved 1048576K
}
Event: 48327.962 GC heap before
{Heap before GC invocations=4 (full 0):
 garbage-first heap   total 17408K, used 9616K [0x0000000091000000, 0x0000000100000000)
  region size 1024K, 5 young (5120K), 1 survivors (1024K)
 Metaspace       used 23711K, committed 24000K, reserved 1073152K
  class space    used 2481K, committed 2624K, reserved 1048576K
}
Event: 48327.973 GC heap after
{Heap after GC invocations=5 (full 0):
 garbage-first heap   total 17408K, used 5419K [0x0000000091000000, 0x0000000100000000)
  region size 1024K, 1 young (1024K), 1 survivors (1024K)
 Metaspace       used 23711K, committed 24000K, reserved 1073152K
  class space    used 2481K, committed 2624K, reserved 1048576K
}
Event: 59853.121 GC heap before
{Heap before GC invocations=5 (full 0):
 garbage-first heap   total 17408K, used 10539K [0x0000000091000000, 0x0000000100000000)
  region size 1024K, 6 young (6144K), 1 survivors (1024K)
 Metaspace       used 23711K, committed 24000K, reserved 1073152K
  class space    used 2481K, committed 2624K, reserved 1048576K
}
Event: 59853.130 GC heap after
{Heap after GC invocations=6 (full 0):
 garbage-first heap   total 17408K, used 5380K [0x0000000091000000, 0x0000000100000000)
  region size 1024K, 1 young (1024K), 1 survivors (1024K)
 Metaspace       used 23711K, committed 24000K, reserved 1073152K
  class space    used 2481K, committed 2624K, reserved 1048576K
}
Event: 69003.498 GC heap before
{Heap before GC invocations=6 (full 0):
 garbage-first heap   total 17408K, used 5380K [0x0000000091000000, 0x0000000100000000)
  region size 1024K, 3 young (3072K), 1 survivors (1024K)
 Metaspace       used 23909K, committed 24128K, reserved 1073152K
  class space    used 2499K, committed 2624K, reserved 1048576K
}
Event: 69003.531 GC heap after
{Heap after GC invocations=7 (full 0):
 garbage-first heap   total 17408K, used 5480K [0x0000000091000000, 0x0000000100000000)
  region size 1024K, 1 young (1024K), 1 survivors (1024K)
 Metaspace       used 23909K, committed 24128K, reserved 1073152K
  class space    used 2499K, committed 2624K, reserved 1048576K
}

